<?xml version="1.0" encoding="UTF-8"?>
<!-- Generated by org.testng.reporters.JUnitXMLReporter -->
<testsuite ignored="0" hostname="DESKTOP-KNVN59F" failures="0" tests="4" name="Default test" time="37.228" errors="0" timestamp="2023-04-10T17:29:05 IST">
  <testcase classname="testCases.LoginPage_TC002" name="loginTest" time="21.424"/>
  <testcase classname="testCases.LoginPage_TC002" name="loginTest" time="3.239"/>
  <testcase classname="testCases.LoginPage_TC002" name="loginTest" time="2.429"/>
  <testcase classname="testCases.LoginPage_TC002" name="loginTest" time="3.413"/>
</testsuite> <!-- Default test -->
