<?xml version="1.0" encoding="UTF-8"?>
<testng-results ignored="0" total="4" passed="2" failed="1" skipped="1">
  <reporter-output>
  </reporter-output>
  <suite started-at="2023-04-11T16:43:59 IST" name="Default suite" finished-at="2023-04-11T16:44:44 IST" duration-ms="45459">
    <groups>
    </groups>
    <test started-at="2023-04-11T16:43:59 IST" name="Default test" finished-at="2023-04-11T16:44:44 IST" duration-ms="45459">
      <class name="testCases.ProductPurchase_TC003">
        <test-method is-config="true" signature="openBrowser()[pri:0, instance:testCases.ProductPurchase_TC003@74ea2410]" started-at="2023-04-11T16:43:38 IST" name="openBrowser" finished-at="2023-04-11T16:43:59 IST" duration-ms="20787" status="PASS">
          <reporter-output>
          </reporter-output>
        </test-method> <!-- openBrowser -->
        <test-method signature="login()[pri:0, instance:testCases.ProductPurchase_TC003@74ea2410]" started-at="2023-04-11T16:43:59 IST" name="login" finished-at="2023-04-11T16:44:06 IST" duration-ms="6867" status="PASS">
          <reporter-output>
          </reporter-output>
        </test-method> <!-- login -->
        <test-method signature="searchProduct()[pri:0, instance:testCases.ProductPurchase_TC003@74ea2410]" started-at="2023-04-11T16:44:06 IST" name="searchProduct" finished-at="2023-04-11T16:44:14 IST" depends-on-methods="testCases.ProductPurchase_TC003.login" duration-ms="8195" status="PASS">
          <reporter-output>
          </reporter-output>
        </test-method> <!-- searchProduct -->
        <test-method signature="deliveryAddress()[pri:0, instance:testCases.ProductPurchase_TC003@74ea2410]" started-at="2023-04-11T16:44:14 IST" name="deliveryAddress" finished-at="2023-04-11T16:44:44 IST" depends-on-methods="testCases.ProductPurchase_TC003.searchProduct" duration-ms="30262" status="FAIL">
          <exception class="org.openqa.selenium.TimeoutException">
            <message>
              <![CDATA[Expected condition failed: waiting for visibility of [[ChromeDriver: chrome on WINDOWS (b66a7f2a826fbd6e32336f1b0e4f738c)] -> name: firstname] (tried for 30 second(s) with 500 milliseconds interval)
Build info: version: '4.8.3', revision: 'e5e76298c3'
System info: os.name: 'Windows 10', os.arch: 'amd64', os.version: '10.0', java.version: '18.0.2.1'
Driver info: org.openqa.selenium.chrome.ChromeDriver
Capabilities {acceptInsecureCerts: false, browserName: chrome, browserVersion: 112.0.5615.50, chrome: {chromedriverVersion: 112.0.5615.49 (bd2a7bcb881c..., userDataDir: C:\Users\Kamal\AppData\Loca...}, goog:chromeOptions: {debuggerAddress: localhost:65126}, networkConnectionEnabled: false, pageLoadStrategy: normal, platformName: WINDOWS, proxy: Proxy(), se:cdp: ws://localhost:65126/devtoo..., se:cdpVersion: 112.0.5615.50, setWindowRect: true, strictFileInteractability: false, timeouts: {implicit: 0, pageLoad: 300000, script: 30000}, unhandledPromptBehavior: dismiss and notify, webauthn:extension:credBlob: true, webauthn:extension:largeBlob: true, webauthn:extension:minPinLength: true, webauthn:extension:prf: true, webauthn:virtualAuthenticators: true}
Session ID: b66a7f2a826fbd6e32336f1b0e4f738c]]>
            </message>
            <full-stacktrace>
              <![CDATA[org.openqa.selenium.TimeoutException: Expected condition failed: waiting for visibility of [[ChromeDriver: chrome on WINDOWS (b66a7f2a826fbd6e32336f1b0e4f738c)] -> name: firstname] (tried for 30 second(s) with 500 milliseconds interval)
Build info: version: '4.8.3', revision: 'e5e76298c3'
System info: os.name: 'Windows 10', os.arch: 'amd64', os.version: '10.0', java.version: '18.0.2.1'
Driver info: org.openqa.selenium.chrome.ChromeDriver
Capabilities {acceptInsecureCerts: false, browserName: chrome, browserVersion: 112.0.5615.50, chrome: {chromedriverVersion: 112.0.5615.49 (bd2a7bcb881c..., userDataDir: C:\Users\Kamal\AppData\Loca...}, goog:chromeOptions: {debuggerAddress: localhost:65126}, networkConnectionEnabled: false, pageLoadStrategy: normal, platformName: WINDOWS, proxy: Proxy(), se:cdp: ws://localhost:65126/devtoo..., se:cdpVersion: 112.0.5615.50, setWindowRect: true, strictFileInteractability: false, timeouts: {implicit: 0, pageLoad: 300000, script: 30000}, unhandledPromptBehavior: dismiss and notify, webauthn:extension:credBlob: true, webauthn:extension:largeBlob: true, webauthn:extension:minPinLength: true, webauthn:extension:prf: true, webauthn:virtualAuthenticators: true}
Session ID: b66a7f2a826fbd6e32336f1b0e4f738c
at org.openqa.selenium.support.ui.WebDriverWait.timeoutException(WebDriverWait.java:87)
at org.openqa.selenium.support.ui.FluentWait.until(FluentWait.java:231)
at com.Base.CommonMethods.waitForVisibility(CommonMethods.java:380)
at com.Base.CommonMethods.sendText(CommonMethods.java:137)
at testCases.ProductPurchase_TC003.deliveryAddress(ProductPurchase_TC003.java:85)
at java.base/jdk.internal.reflect.DirectMethodHandleAccessor.invoke(DirectMethodHandleAccessor.java:104)
at java.base/java.lang.reflect.Method.invoke(Method.java:577)
at org.testng.internal.invokers.MethodInvocationHelper.invokeMethod(MethodInvocationHelper.java:139)
at org.testng.internal.invokers.TestInvoker.invokeMethod(TestInvoker.java:677)
at org.testng.internal.invokers.TestInvoker.invokeTestMethod(TestInvoker.java:221)
at org.testng.internal.invokers.MethodRunner.runInSequence(MethodRunner.java:50)
at org.testng.internal.invokers.TestInvoker$MethodInvocationAgent.invoke(TestInvoker.java:969)
at org.testng.internal.invokers.TestInvoker.invokeTestMethods(TestInvoker.java:194)
at org.testng.internal.invokers.TestMethodWorker.invokeTestMethods(TestMethodWorker.java:148)
at org.testng.internal.invokers.TestMethodWorker.run(TestMethodWorker.java:128)
at java.base/java.util.ArrayList.forEach(ArrayList.java:1511)
at org.testng.TestRunner.privateRun(TestRunner.java:829)
at org.testng.TestRunner.run(TestRunner.java:602)
at org.testng.SuiteRunner.runTest(SuiteRunner.java:437)
at org.testng.SuiteRunner.runSequentially(SuiteRunner.java:431)
at org.testng.SuiteRunner.privateRun(SuiteRunner.java:391)
at org.testng.SuiteRunner.run(SuiteRunner.java:330)
at org.testng.SuiteRunnerWorker.runSuite(SuiteRunnerWorker.java:52)
at org.testng.SuiteRunnerWorker.run(SuiteRunnerWorker.java:95)
at org.testng.TestNG.runSuitesSequentially(TestNG.java:1256)
at org.testng.TestNG.runSuitesLocally(TestNG.java:1176)
at org.testng.TestNG.runSuites(TestNG.java:1099)
at org.testng.TestNG.run(TestNG.java:1067)
at org.testng.remote.AbstractRemoteTestNG.run(AbstractRemoteTestNG.java:115)
at org.testng.remote.RemoteTestNG.initAndRun(RemoteTestNG.java:251)
at org.testng.remote.RemoteTestNG.main(RemoteTestNG.java:77)
]]>
            </full-stacktrace>
          </exception> <!-- org.openqa.selenium.TimeoutException -->
          <reporter-output>
          </reporter-output>
        </test-method> <!-- deliveryAddress -->
        <test-method signature="confirmOrder()[pri:0, instance:testCases.ProductPurchase_TC003@74ea2410]" started-at="2023-04-11T16:44:44 IST" name="confirmOrder" finished-at="2023-04-11T16:44:44 IST" depends-on-methods="testCases.ProductPurchase_TC003.deliveryAddress" duration-ms="1" status="SKIP">
          <exception class="java.lang.Throwable">
            <message>
              <![CDATA[Method testCases.ProductPurchase_TC003.confirmOrder() on instance testCases.ProductPurchase_TC003@74ea2410 depends on not successfully finished methods 
[testCases.ProductPurchase_TC003.deliveryAddress() on instance testCases.ProductPurchase_TC003@74ea2410]]]>
            </message>
            <full-stacktrace>
              <![CDATA[java.lang.Throwable: Method testCases.ProductPurchase_TC003.confirmOrder() on instance testCases.ProductPurchase_TC003@74ea2410 depends on not successfully finished methods 
[testCases.ProductPurchase_TC003.deliveryAddress() on instance testCases.ProductPurchase_TC003@74ea2410]
at org.testng.internal.invokers.TestInvoker.invokeTestMethods(TestInvoker.java:150)
at org.testng.internal.invokers.TestMethodWorker.invokeTestMethods(TestMethodWorker.java:148)
at org.testng.internal.invokers.TestMethodWorker.run(TestMethodWorker.java:128)
at java.base/java.util.ArrayList.forEach(ArrayList.java:1511)
at org.testng.TestRunner.privateRun(TestRunner.java:829)
at org.testng.TestRunner.run(TestRunner.java:602)
at org.testng.SuiteRunner.runTest(SuiteRunner.java:437)
at org.testng.SuiteRunner.runSequentially(SuiteRunner.java:431)
at org.testng.SuiteRunner.privateRun(SuiteRunner.java:391)
at org.testng.SuiteRunner.run(SuiteRunner.java:330)
at org.testng.SuiteRunnerWorker.runSuite(SuiteRunnerWorker.java:52)
at org.testng.SuiteRunnerWorker.run(SuiteRunnerWorker.java:95)
at org.testng.TestNG.runSuitesSequentially(TestNG.java:1256)
at org.testng.TestNG.runSuitesLocally(TestNG.java:1176)
at org.testng.TestNG.runSuites(TestNG.java:1099)
at org.testng.TestNG.run(TestNG.java:1067)
at org.testng.remote.AbstractRemoteTestNG.run(AbstractRemoteTestNG.java:115)
at org.testng.remote.RemoteTestNG.initAndRun(RemoteTestNG.java:251)
at org.testng.remote.RemoteTestNG.main(RemoteTestNG.java:77)
]]>
            </full-stacktrace>
          </exception> <!-- java.lang.Throwable -->
          <reporter-output>
          </reporter-output>
        </test-method> <!-- confirmOrder -->
        <test-method is-config="true" signature="close()[pri:0, instance:testCases.ProductPurchase_TC003@74ea2410]" started-at="2023-04-11T16:44:46 IST" name="close" finished-at="2023-04-11T16:44:54 IST" duration-ms="8414" status="PASS">
          <reporter-output>
          </reporter-output>
        </test-method> <!-- close -->
      </class> <!-- testCases.ProductPurchase_TC003 -->
    </test> <!-- Default test -->
  </suite> <!-- Default suite -->
</testng-results>
