<?xml version="1.0" encoding="UTF-8"?>
<testng-results ignored="0" total="4" passed="4" failed="0" skipped="0">
  <reporter-output>
  </reporter-output>
  <suite started-at="2023-04-10T17:28:25 IST" name="Default suite" finished-at="2023-04-10T17:29:03 IST" duration-ms="37228">
    <groups>
    </groups>
    <test started-at="2023-04-10T17:28:25 IST" name="Default test" finished-at="2023-04-10T17:29:03 IST" duration-ms="37228">
      <class name="testCases.LoginPage_TC002">
        <test-method is-config="true" signature="openBrowser()[pri:0, instance:testCases.LoginPage_TC002@74d1dc36]" started-at="2023-04-10T17:27:21 IST" name="openBrowser" finished-at="2023-04-10T17:28:25 IST" duration-ms="64748" status="PASS">
          <reporter-output>
          </reporter-output>
        </test-method> <!-- openBrowser -->
        <test-method signature="loginTest(java.lang.String,java.lang.String,java.lang.String)[pri:0, instance:testCases.LoginPage_TC002@74d1dc36]" started-at="2023-04-10T17:28:32 IST" name="loginTest" data-provider="loginData" finished-at="2023-04-10T17:28:53 IST" duration-ms="21424" status="PASS">
          <params>
            <param index="0">
              <value>
                <![CDATA[Valid Datas]]>
              </value>
            </param>
            <param index="1">
              <value>
                <![CDATA[keyegip738@mitigado.com]]>
              </value>
            </param>
            <param index="2">
              <value>
                <![CDATA[asdf4567]]>
              </value>
            </param>
          </params>
          <reporter-output>
          </reporter-output>
        </test-method> <!-- loginTest -->
        <test-method signature="loginTest(java.lang.String,java.lang.String,java.lang.String)[pri:0, instance:testCases.LoginPage_TC002@74d1dc36]" started-at="2023-04-10T17:28:53 IST" name="loginTest" data-provider="loginData" finished-at="2023-04-10T17:28:56 IST" duration-ms="3239" status="PASS">
          <params>
            <param index="0">
              <value>
                <![CDATA[Invalid password]]>
              </value>
            </param>
            <param index="1">
              <value>
                <![CDATA[keyegip738@mitigado.com]]>
              </value>
            </param>
            <param index="2">
              <value>
                <![CDATA[asdf1234]]>
              </value>
            </param>
          </params>
          <reporter-output>
          </reporter-output>
        </test-method> <!-- loginTest -->
        <test-method signature="loginTest(java.lang.String,java.lang.String,java.lang.String)[pri:0, instance:testCases.LoginPage_TC002@74d1dc36]" started-at="2023-04-10T17:28:56 IST" name="loginTest" data-provider="loginData" finished-at="2023-04-10T17:28:59 IST" duration-ms="2429" status="PASS">
          <params>
            <param index="0">
              <value>
                <![CDATA[Invalid Email]]>
              </value>
            </param>
            <param index="1">
              <value>
                <![CDATA[keyegip@mitigado.com]]>
              </value>
            </param>
            <param index="2">
              <value>
                <![CDATA[asdf4567]]>
              </value>
            </param>
          </params>
          <reporter-output>
          </reporter-output>
        </test-method> <!-- loginTest -->
        <test-method signature="loginTest(java.lang.String,java.lang.String,java.lang.String)[pri:0, instance:testCases.LoginPage_TC002@74d1dc36]" started-at="2023-04-10T17:28:59 IST" name="loginTest" data-provider="loginData" finished-at="2023-04-10T17:29:02 IST" duration-ms="3413" status="PASS">
          <params>
            <param index="0">
              <value>
                <![CDATA[Invalid Datas]]>
              </value>
            </param>
            <param index="1">
              <value>
                <![CDATA[keyegip@mitigado.com]]>
              </value>
            </param>
            <param index="2">
              <value>
                <![CDATA[asdf1234]]>
              </value>
            </param>
          </params>
          <reporter-output>
          </reporter-output>
        </test-method> <!-- loginTest -->
        <test-method is-config="true" signature="close()[pri:0, instance:testCases.LoginPage_TC002@74d1dc36]" started-at="2023-04-10T17:29:07 IST" name="close" finished-at="2023-04-10T17:29:24 IST" duration-ms="17293" status="PASS">
          <reporter-output>
          </reporter-output>
        </test-method> <!-- close -->
      </class> <!-- testCases.LoginPage_TC002 -->
    </test> <!-- Default test -->
  </suite> <!-- Default suite -->
</testng-results>
